<?xml version="1.0" encoding="UTF-8"?>
<testsuite name="JobTest" tests="1" skipped="0" failures="0" errors="0" timestamp="2019-06-25T09:52:54" hostname="mark-HP-Laptop-15-bs1xx" time="0.002">
  <properties/>
  <testcase name="getsAllJobsCreated" classname="JobTest" time="0.002"/>
  <system-out><![CDATA[]]></system-out>
  <system-err><![CDATA[]]></system-err>
</testsuite>
